[debug] [2024-11-13T22:42:05.005Z] ----------------------------------------------------------------------
[debug] [2024-11-13T22:42:05.007Z] Command:       /opt/homebrew/Cellar/node/23.1.0_1/bin/node /opt/homebrew/bin/firebase init
[debug] [2024-11-13T22:42:05.007Z] CLI Version:   13.25.0
[debug] [2024-11-13T22:42:05.008Z] Platform:      darwin
[debug] [2024-11-13T22:42:05.008Z] Node Version:  v23.1.0
[debug] [2024-11-13T22:42:05.008Z] Time:          Wed Nov 13 2024 22:42:05 GMT+0000 (Greenwich Mean Time)
[debug] [2024-11-13T22:42:05.008Z] ----------------------------------------------------------------------
[debug] 
[debug] [2024-11-13T22:42:05.011Z] > command requires scopes: ["email","openid","https://www.googleapis.com/auth/cloudplatformprojects.readonly","https://www.googleapis.com/auth/firebase","https://www.googleapis.com/auth/cloud-platform"]
[debug] [2024-11-13T22:42:05.012Z] > authorizing via signed-in user (adrian.toth.granite@gmail.com)
[info] 
     ######## #### ########  ######## ########     ###     ######  ########
     ##        ##  ##     ## ##       ##     ##  ##   ##  ##       ##
     ######    ##  ########  ######   ########  #########  ######  ######
     ##        ##  ##    ##  ##       ##     ## ##     ##       ## ##
     ##       #### ##     ## ######## ########  ##     ##  ######  ########

You're about to initialize a Firebase project in this directory:

  /Users/adriantoth/XcodeProjects/boardgamev1

[info] 
=== Project Setup
[info] 
[info] First, let's associate this project directory with a Firebase project.
[info] You can create multiple project aliases by running firebase use --add, 
[info] but for now we'll just set up a default project.
[info] 
